<!DOCTYPE html>


<html>
	<head>
        <meta http-equiv="content-type" content="text/html; charset=UTF-8" />
		<title>CAPUIAutomation Test Execution Report</title>
        <script type="text/javascript" src="http://code.jquery.com/jquery-1.6.2.min.js"></script>
        <script type="text/javascript">
            /**
            * jQuery.fn.sortElements
            * --------------
            * #author James Padolsey (http://james.padolsey.com)
            * #version 0.11
            * #updated 18-MAR-2010
            * #url https://raw.github.com/jamespadolsey/jQuery-Plugins/master/sortElements/jquery.sortElements.js
            * --------------
            * #param Function comparator:
            *   Exactly the same behaviour as [1,2,3].sort(comparator)
            *   
            * #param Function getSortable
            *   A function that should return the element that is
            *   to be sorted. The comparator will run on the
            *   current collection, but you may want the actual
            *   resulting sort to occur on a parent or another
            *   associated element.
            *   
            *   E.g. $('td').sortElements(comparator, function(){
            *      return this.parentNode; 
            *   })
            *   
            *   The <td>'s parent (<tr>) will be sorted instead
            *   of the <td> itself.
            */
            jQuery.fn.sortElements = (function () {

                var sort = [].sort;

                return function (comparator, getSortable) {

                    getSortable = getSortable || function () { return this; };

                    var placements = this.map(function () {

                        var sortElement = getSortable.call(this),
                parentNode = sortElement.parentNode,

                        // Since the element itself will change position, we have
                        // to have some way of storing it's original position in
                        // the DOM. The easiest way is to have a 'flag' node:
                nextSibling = parentNode.insertBefore(
                    document.createTextNode(''),
                    sortElement.nextSibling
                );

                        return function () {

                            if (parentNode === this) {
                                throw new Error(
                        "You can't sort elements if any one is a descendant of another."
                    );
                            }

                            // Insert before flag:
                            parentNode.insertBefore(this, nextSibling);
                            // Remove flag:
                            parentNode.removeChild(nextSibling);

                        };

                    });

                    return sort.call(this, comparator).each(function (i) {
                        placements[i].call(getSortable.call(this));
                    });

                };

            })();
        </script>
        <script type="text/javascript">
            jQuery.fn.setBarSizes = (function () {
                return function (metricName, maxBarSize, min) {
                    var max = Math.max.apply(Math, $.makeArray($(this).map(function () { return Number($(this).attr('data-sr-' + metricName)); })));
                    var scale = 1.0;
                    while (max > 0.0 && max <= 10.0) {
                        scale = scale * 10.0;
                        max = max * 10.0;
                    }
                    max = (Math.ceil(max / 2) * 2) / scale;

                    this.each(function () {
                        var barAnchor = $(this).find('a');
                        var actual = $(this).attr('data-sr-' + metricName);
                        var newHeight = Math.max(Math.round(maxBarSize * (actual - min) / (max - min)), 2);
                        barAnchor.css({ height: newHeight });
                    });

                    var unit = "";
                    if (metricName.substr(metricName.length - 4, 4) === "time")
                        unit = "s";

                    $('#testview .scale-min-label').each(function () {
                        $(this).text(min.toString() + unit);
                    });
                    $('#testview .scale-max-label').each(function () {
                        $(this).text(max.toString() + unit);
                    });
                    var mid = max / 2;
                    $('#testview .scale-mid-label').each(function () {
                        $(this).text(mid.toString() + unit);
                    });
                };
            })();

            function getComparer(metricName, isDesc) {
                return function (a, b) {
                    var aNumber = Number($(a).attr('data-sr-' + metricName));
                    var bNumber = Number($(b).attr('data-sr-' + metricName));
                    var result = aNumber > bNumber ? 1 : (aNumber < bNumber ? -1 : 0);
                    if (isDesc)
                        result = -1 * result;

                    if (result == 0 && metricName != "order")
                        result = getComparer("order", false)(a, b);

                    return result;
                };
            }

            var currentSort = "";
            function doSort(allowToggleDesc) {
                var newSort = $("input[name='barSortOrder']:checked").val();
                if (allowToggleDesc && currentSort == newSort) {
                    $('#barSortDesc').click();
                    doSort(false);
                    return;
                }
                currentSort = newSort;
                $('#testview td.testview-item').sortElements(getComparer(newSort, $('#barSortDesc').is(':checked')));
            }


            function doSetHeights(allowSort) {
                var selectedMetric = $("input[name='barHeight']:checked").val();
                $('#testview td.testview-item').setBarSizes(selectedMetric, 60, 0.0);

                if (allowSort && currentSort != selectedMetric) {
                    var $radios = $("input[name='barSortOrder']");
                    $radios.filter('[value=' + selectedMetric + ']').attr('checked', true);
                    $("#barSortDesc").attr("checked", [true]);
                    doSort(false);
                }
            }

            $(document).ready(function () {
                $("input[name='barSortOrder']").click(function () { doSort(true); return true; });
                $("input[name='barSortDesc']").change(function () { doSort(false); });
                $("input[name='barHeight']").change(function () { doSetHeights(true); });

                doSort(false);
                doSetHeights(false);

                $("div.scrollable").css({ 'overflow': 'auto' });
            });
        </script>

        <style type="text/css">
            body 
            {
                color: #000000;
                font-family: Arial,Liberation Sans,DejaVu Sans,sans-serif;
                line-height: 130%;
            }
            h1 {
                font-family: Trebuchet MS,Liberation Sans,DejaVu Sans,sans-serif;
                font-size: 170%;
                font-weight: bold;
            }            
            h2 {
                font-family: Trebuchet MS,Liberation Sans,DejaVu Sans,sans-serif;
                font-size: 130%;
                font-weight: bold;
                margin-bottom: 5px;
            }            
            h3 {
                font-family: Trebuchet MS,Liberation Sans,DejaVu Sans,sans-serif;
                font-size: 120%;
                font-weight: bold;
                margin-bottom: 5px;
            }            
            a.bar
            {
                text-decoration: none;
                display: block;
                line-height: 1px;
            }
            .description
            {
                font-style: italic;
            }
            .log 
            {
                width: 600px;
                white-space: pre-wrap;
                display: block;
                margin: 0px;
            }
            .errorMessage 
            {
                width: 600px;
                color: Red;
                font-weight: bold;
            }
            .stackTrace 
            {
                width: 600px;
                white-space: pre-wrap;
                font-style: italic;
                color: Red;
                display: block;
            }
            table.testEvents
            {
                border: solid 1px #e8eef4;
                border-collapse: collapse;
            }
            table.testEvents td
            {
                vertical-align: top;
                padding: 5px;
                border: solid 1px #e8eef4;
            }
            table.testEvents th
            {
                padding: 6px 5px;
                text-align: left;
                background-color: #e8eef4;
                border: solid 1px #e8eef4;                
            }
            .comment
            {
                font-style: italic;
                font-size: smaller;
            }
            .startupBar
            {
                background-color: #EEEEEE;
                cursor: default;
            }
            
            .colorSucceeded
            {
                background-color: #90ED7B;
            }
            .colorIgnored
            {
                background-color: #FFFF85;
            }
            .colorPending
            {
                background-color: #D47BED;
            }
            .colorNothingToRun
            {
                background-color: #CCCCFF;
            }
            .colorSkipped
            {
                background-color: #CCCCFF;
            }
            .colorInconclusive
            {
                background-color: #7BEDED;
            }
            .colorCleanupFailed
            {
                background-color: #FFCCCC;
            }
            .colorRandomlyFailed
            {
                background-color: #EDB07B;
            }
            .colorFailed
            {
                background-color: #ED5F5F;
            }
            .colorInitializationFailed
            {
                background-color: #FF0000;
            }
            .colorFrameworkError
            {
                background-color: #FF0000;
            }
            ul.subNodeLinks
            {
                padding-left: 20px;
                margin: 0px;
            }
            ul.subNodeLinks li
            {
                list-style: none;
            }
            
            /* views general */
            div.scrollable
            {
                /*overflow: auto; - thsi has to be set from js, because of an IE9 bug */
            }
            div.viewbox
            {
                position: relative;
                border: 3px solid #e8eef4;
            }
            div.viewbox table
            {
                border: 0px;
            }
                        
            /* testview */
            #testview
            {
                padding-top: 23px;
            }
            
            table.testview-items td
            {
                vertical-align: bottom;
                padding: 0px 1px 0px 1px;
            }
            td.right-padding, td.left-padding
            {
                width: 25px;
                min-width: 25px;
            }
            table.testview-items a.bar
            {
                width: 5px;
            }
            table.testview-items tr.testview-items-row
            {
                height: 60px;
            }
            
            /* scale */
            table.vertical-scale 
            {
                position: absolute;
                top: 23px;
                left: 0px;
                width: 100%;
                z-index: -100;
            }
            table.vertical-scale td, tr.horizontal-scale td
            {
                font-size: 60%;
                line-height: normal;
            }
            table.vertical-scale tr.scale-max, table.vertical-scale tr.scale-mid 
            {
                height: 30px;
            }
            tr.horizontal-scale, table.vertical-scale tr.scale-min 
            {
                height: 12px;
            }
            
            td.scale-max-label, td.scale-mid-label, td.scale-min-label
            {
                border-top: solid 1px #E6E6E6;
                text-align: left;
                vertical-align: top;
            }
            td.scale-10-label
            {
                border-left: solid 1px #E6E6E6;
                text-align: left;
                vertical-align: bottom;
                padding-left: 1px;
            }
            tr.scale-mid td, tr.scale-min td, tr.scale-max td
            {
                border-top: solid 1px #E6E6E6;
            }
           
            
            /* bar-control */
            #bar-control
            {
                font-size: 60%;
                line-height: normal;
                position: absolute;
                right: 0px;
                top: 0px;
            }
            #bar-control label
            {
                font-weight: bold;
                vertical-align: middle;
            }
            #bar-control .option
            {
                vertical-align: middle;
                text-transform: lowercase;
            }
            #bar-control input[type="checkbox"]
            {
                padding: 0 2px 0 3px;
            }
            #bar-control input
            {
                vertical-align: top;
                height: 12px;
                margin: 0px;
                padding: 0px;
            }
            #bar-control div
            {
                float: right;
                margin: 3px 5px 3px 5px;
            }
            
            
            /* timeline view */
            #timelineview
            {
                padding-top: 5px;
            }
            table.timelineview a
            {
                height: 20px;
            }
            table.timelineview td
            {
                vertical-align: bottom;
                padding: 0px 1px 0px 0px;
                border: 0px;
            }
            tr.thread-items-row
            {
                height: 25px;
            }
            tr.thread-items-row td
            {
                vertical-align: bottom;
            }
            td.thread-label
            {
                padding: 0px 6px 0px 6px;
                text-align: right;
                line-height: 18px;
                vertical-align: bottom;
            }
            th.thread-label
            {
                padding: 3px 6px 0px 6px;
                line-height: 18px;
                text-align: left;
                vertical-align: bottom;
            }
        </style>
	</head>
	<body>
        <h1>CAPUIAutomation Test Execution Report</h1>
        <ul>
            <li>Project: CAPUIAutomation</li>
            <li>Configuration: CAPUIAutomation</li>
            <li>Test Assemblies: CAPUIAutomation.dll</li>
            <li>Start Time: 22-05-2019 19:21:56</li>
            <li>Duration: 00:04:46.9115337</li>
            <li>Test Threads: 2</li>
                <li><div class="errorMessage">Execution framework error: TechTalk.SpecRun.Framework.SpecRunException: At least one test thread aborted. ---&gt; TechTalk.SpecRun.Framework.SpecRunException: error in config transfrom (configFile: C:\Users\52101563\source\repos\CAPUIAutomation\CAPUIAutomation\bin\Debug\CAPUIAutomation.dll.config)
&lt;?xml version=&quot;1.0&quot; encoding=&quot;utf-8&quot;?&gt;
							&lt;configuration xmlns:xdt=&quot;http://schemas.microsoft.com/XML-Document-Transform&quot;&gt;
                              &lt;appSettings&gt;
                                &lt;add key=&quot;browser&quot; value=&quot;Chrome&quot; 
                                 xdt:Locator=&quot;Match(key)&quot; xdt:Transform=&quot;SetAttributes(value)&quot; /&gt;
                              &lt;/appSettings&gt;
							&lt;/configuration&gt; 
The process cannot access the file &#39;C:\Users\52101563\source\repos\CAPUIAutomation\CAPUIAutomation\bin\Debug\CAPUIAutomation.dll.config.bak&#39; because it is being used by another process. ---&gt; System.IO.IOException: The process cannot access the file &#39;C:\Users\52101563\source\repos\CAPUIAutomation\CAPUIAutomation\bin\Debug\CAPUIAutomation.dll.config.bak&#39; because it is being used by another process.
   at System.IO.__Error.WinIOError(Int32 errorCode, String maybeFullPath)
   at System.IO.File.InternalCopy(String sourceFileName, String destFileName, Boolean overwrite, Boolean checkHost)
   at System.IO.File.Copy(String sourceFileName, String destFileName, Boolean overwrite)
   at TechTalk.SpecRun.Framework.DeploymentSteps.ConfigFileTransformationStep.Backup(String configFilePath, DeploymentContext deploymentContext)
   at TechTalk.SpecRun.Framework.DeploymentSteps.ConfigFileTransformationStep.Apply(DeploymentContext deploymentContext)
   --- End of inner exception stack trace ---
   at TechTalk.SpecRun.Framework.DeploymentSteps.ConfigFileTransformationStep.Apply(DeploymentContext deploymentContext)
   at TechTalk.SpecRun.Framework.DeploymentSteps.DeploymentContext.Apply(DeploymentTransformationSteps steps, ITestRunTracerBroker tracerBroker)
   at TechTalk.SpecRun.Framework.TestThread.InitializeTestThreadExecutor(IAssemblyReference testAssembly, ExecutionModelSettings executionModelSettings, String testTarget)
   at TechTalk.SpecRun.Framework.TestThread.GetThreadExecutorFor(TestItem testItem)
   at TechTalk.SpecRun.Framework.TestThread.Run(ITestExecutionManager executionManagerForRun)
   at TechTalk.SpecRun.Framework.AsyncTestThreadRunner.RunSync(TestExecutionManager executionManager)
   --- End of inner exception stack trace ---</div></li>
        </ul>

        <h2>Result: test framework error: At least one test thread aborted.</h2>
        <table class="testEvents">
                <tr>
        <th colspan="2">Success rate</th>
        <th>Tests</th>
        <th>Succeeded</th>
        <th>Failed</th>
        <th>Pending</th>
        <th>Ignored</th>
        <th>Skipped</th>
    </tr>

                <tr>
            <td>
            44%
    </td>
    <td>
        <table class="timelineview" cellpadding="0" cellspacing="0">
            <tr>
                    <td>
                        <a class="bar colorSucceeded" 
                           style="width: 79px;" 
                           title="4 succeeded" 
                                                   />
                    </td>
                    <td>
                        <a class="bar colorFailed" 
                           style="width: 99px;" 
                           title="5 failed" 
                                                          href="#error_summary"
                        />
                    </td>
                    <td>
                        <a class="bar colorSkipped" 
                           style="width: 19px;" 
                           title="1 skipped" 
                                                   />
                    </td>
            </tr>
            
        </table>
    </td>
    <td>10</td>
    <td>4</td>
    <td>5</td>
    <td>0</td>
    <td>0</td>
    <td>1</td>

    </tr>

        </table>
        
        <h2>Test Timeline Summary</h2>

        <div id="timelineview" class="viewbox">
            <div class="scrollable">
                <table cellpadding="0" cellspacing="0">
                    <tr>
                        <th class="thread-label" colspan="2">thread</th>
                    </tr>
                        <tr class="thread-items-row">
                            <td class="thread-label" title="Machine: CTSHYD52101563">#0</td>
                            <td colspan="2">
                                <table class="timelineview" cellpadding="0" cellspacing="0">
                                    <tr>

                                            <td>
        <a
            class="bar startupBar" 
            style="width: 3px;" 
                title="test thread startup" 
        >&nbsp;</a>
    </td>

    <td>
        <a
            class="bar colorSucceeded" 
            style="width: 3px;" 
                title="Basepage is Calculator (in Test targets with different browsers)" 
                href="#t-454793789.0"
        >&nbsp;</a>
    </td>
    <td>
        <a
            class="bar colorFailed" 
            style="width: 6px;" 
                title="Add a customer1 (in To verify the Login page1)" 
                href="#t-268013827.0"
        >&nbsp;</a>
    </td>
    <td>
        <a
            class="bar colorSucceeded" 
            style="width: 7px;" 
                title="Basepage is Calculator1 (in To verify the Login page1)" 
                href="#t-684631624.0"
        >&nbsp;</a>
    </td>
    <td>
        <a
            class="bar colorFailed" 
            style="width: 6px;" 
                title="Add a customer2 (in To verify the Login page1)" 
                href="#t-667406130.0"
        >&nbsp;</a>
    </td>
    <td>
        <a
            class="bar colorSucceeded" 
            style="width: 7px;" 
                title="Basepage is Calculator (in Test targets with different browsers)" 
                href="#t-49002093.0"
        >&nbsp;</a>
    </td>
    <td>
        <a
            class="bar colorFailed" 
            style="width: 8px;" 
                title="Add a customer (in Test targets with different browsers)" 
                href="#t-798483448.0"
        >&nbsp;</a>
    </td>
    <td>
        <a
            class="bar colorFailed" 
            style="width: 7px;" 
                title="Add a customer1 (in To verify the Login page1)" 
                href="#t-369737043.0"
        >&nbsp;</a>
    </td>
    <td>
        <a
            class="bar colorSucceeded" 
            style="width: 5px;" 
                title="Basepage is Calculator1 (in To verify the Login page1)" 
                href="#t-826182168.0"
        >&nbsp;</a>
    </td>
    <td>
        <a
            class="bar colorFailed" 
            style="width: 8px;" 
                title="Add a customer2 (in To verify the Login page1)" 
                href="#t-1043850082.0"
        >&nbsp;</a>
    </td>
                                    </tr>
                                </table>
                            </td>
                        </tr>
                        <tr class="thread-items-row">
                            <td class="thread-label" title="Machine: CTSHYD52101563">#1</td>
                            <td colspan="2">
                                <table class="timelineview" cellpadding="0" cellspacing="0">
                                    <tr>

                                            <td>
        <a
            class="bar startupBar" 
            style="width: 3px;" 
                title="test thread startup" 
        >&nbsp;</a>
    </td>

                                    </tr>
                                </table>
                            </td>
                        </tr>
                    <tr class="horizontal-scale">
                        <td>&nbsp;</td>
                            <td class="scale-10-label" style="width: 70px;min-width: 70px;">0s</td>
                        <td class="scale-10-label">286s</td>
                    </tr>
                </table>
            </div>
        </div>

        <h2>Test Result View</h2>
        <div id="testview" class="viewbox">
            <div id="bar-control">
                <div id="bar-control-sort">
                    <label>sort by:</label>
                    <span class="option"><input type="radio" name="barSortOrder" value="exectime" />Time</span>
                    <span class="option"><input type="radio" name="barSortOrder" value="acttime" />Act Time</span>
                    <span class="option"><input type="radio" name="barSortOrder" value="order" />Execution</span>
                    <span class="option"><input type="radio" name="barSortOrder" value="rescode" checked="checked" />Result</span>
                    <span class="option"><input type="checkbox" name="barSortDesc" id="barSortDesc" checked="checked" />desc</span>
                </div>
                <div id="bar-control-heights">
                    <label>heights:</label>
                    <span class="option"><input type="radio" checked="checked" name="barHeight" value="exectime" />Time</span>
                    <span class="option"><input type="radio" name="barHeight" value="acttime" />Act Time</span>
                    
                </div>
            </div>
            <table class="vertical-scale" cellpadding="0" cellspacing="0">
                <tr class="scale-max">
                    <td class="left-padding scale-max-label">&nbsp;</td>
                    <td colspan="10">&nbsp;</td>
                    <td class="right-padding">&nbsp;</td>
                </tr>
                <tr class="scale-mid">
                    <td class="left-padding scale-mid-label">&nbsp;</td>
                    <td colspan="10">&nbsp;</td>
                    <td class="right-padding">&nbsp;</td>
                </tr>
                <tr class="scale-min">
                    <td class="left-padding scale-min-label">&nbsp;</td>
                    <td colspan="10">&nbsp;</td>
                    <td class="right-padding">&nbsp;</td>
                </tr>
            </table>
            <div class="scrollable">
                <table class="testview-items" cellpadding="0" cellspacing="0">
                    <tr class="testview-items-row">
                        <td class="left-padding">&nbsp;</td>
    <td class="testview-item" 
        data-sr-exectime="30.5513884" data-sr-rescode="110" data-sr-order="0" data-sr-acttime="0.0">
        <a
            class="bar colorSucceeded" 
            style="height: 52px;"
            title="Basepage is Calculator (in Test targets with different browsers)"
            href="#t-454793789.0">&nbsp;</a>
    </td>
    <td class="testview-item" 
        data-sr-exectime="31.0084812" data-sr-rescode="110" data-sr-order="2" data-sr-acttime="0.0">
        <a
            class="bar colorSucceeded" 
            style="height: 53px;"
            title="Basepage is Calculator1 (in To verify the Login page1)"
            href="#t-684631624.0">&nbsp;</a>
    </td>
    <td class="testview-item" 
        data-sr-exectime="34.5851772" data-sr-rescode="110" data-sr-order="4" data-sr-acttime="0.0">
        <a
            class="bar colorSucceeded" 
            style="height: 59px;"
            title="Basepage is Calculator (in Test targets with different browsers)"
            href="#t-49002093.0">&nbsp;</a>
    </td>
    <td class="testview-item" 
        data-sr-exectime="27.2973193" data-sr-rescode="110" data-sr-order="7" data-sr-acttime="0.0">
        <a
            class="bar colorSucceeded" 
            style="height: 46px;"
            title="Basepage is Calculator1 (in To verify the Login page1)"
            href="#t-826182168.0">&nbsp;</a>
    </td>
    <td class="testview-item" 
        data-sr-exectime="0.0003098" data-sr-rescode="320" data-sr-order="9" data-sr-acttime="0.0">
        <a
            class="bar colorSkipped" 
            style="height: 2px;"
            title="Add a customer (in Test targets with different browsers)"
            href="#t-912773032.0">&nbsp;</a>
    </td>
    <td class="testview-item" 
        data-sr-exectime="31.0479629" data-sr-rescode="440" data-sr-order="1" data-sr-acttime="15.386">
        <a
            class="bar colorFailed" 
            style="height: 53px;"
            title="Add a customer1 (in To verify the Login page1)"
            href="#t-268013827.0">&nbsp;</a>
    </td>
    <td class="testview-item" 
        data-sr-exectime="27.9649055" data-sr-rescode="440" data-sr-order="3" data-sr-acttime="15.079">
        <a
            class="bar colorFailed" 
            style="height: 48px;"
            title="Add a customer2 (in To verify the Login page1)"
            href="#t-667406130.0">&nbsp;</a>
    </td>
    <td class="testview-item" 
        data-sr-exectime="34.8416971" data-sr-rescode="440" data-sr-order="5" data-sr-acttime="15.15">
        <a
            class="bar colorFailed" 
            style="height: 59px;"
            title="Add a customer (in Test targets with different browsers)"
            href="#t-798483448.0">&nbsp;</a>
    </td>
    <td class="testview-item" 
        data-sr-exectime="32.9016119" data-sr-rescode="440" data-sr-order="6" data-sr-acttime="15.067">
        <a
            class="bar colorFailed" 
            style="height: 56px;"
            title="Add a customer1 (in To verify the Login page1)"
            href="#t-369737043.0">&nbsp;</a>
    </td>
    <td class="testview-item" 
        data-sr-exectime="35.2862057" data-sr-rescode="440" data-sr-order="8" data-sr-acttime="15.043">
        <a
            class="bar colorFailed" 
            style="height: 60px;"
            title="Add a customer2 (in To verify the Login page1)"
            href="#t-1043850082.0">&nbsp;</a>
    </td>
                        <td class="right-padding">&nbsp;</td>
                    </tr>
                    <tr class="horizontal-scale">
                        <td class="left-padding">&nbsp;</td>
                        <td colspan="10">&nbsp;</td>
                    </tr>
                </table>
            </div>
        </div>

        <h2>Feature Summary</h2>
        <table class="testEvents">
                <tr>
            <th>Feature</th>
        <th colspan="2">Success rate</th>
        <th>Tests</th>
        <th>Succeeded</th>
        <th>Failed</th>
        <th>Pending</th>
        <th>Ignored</th>
        <th>Skipped</th>
            <th>Duration</th>
    </tr>

    <tr>
            <td><a href="#f-1647545313">Test targets with different browsers (target: Chrome)</a></td>
            <td>
            100%
    </td>
    <td>
        <table class="timelineview" cellpadding="0" cellspacing="0">
            <tr>
                    <td>
                        <a class="bar colorSucceeded" 
                           style="width: 99px;" 
                           title="1 succeeded" 
                                                   />
                    </td>
                    <td>
                        <a class="bar colorSkipped" 
                           style="width: 99px;" 
                           title="1 skipped" 
                                                   />
                    </td>
            </tr>
            
        </table>
    </td>
    <td>2</td>
    <td>1</td>
    <td>0</td>
    <td>0</td>
    <td>0</td>
    <td>1</td>
        <td>00:00:30.5516982</td>

    </tr>
    <tr>
            <td><a href="#f786215419">To verify the Login page1 (target: Chrome)</a></td>
            <td>
            33%
    </td>
    <td>
        <table class="timelineview" cellpadding="0" cellspacing="0">
            <tr>
                    <td>
                        <a class="bar colorSucceeded" 
                           style="width: 66px;" 
                           title="1 succeeded" 
                                                   />
                    </td>
                    <td>
                        <a class="bar colorFailed" 
                           style="width: 132px;" 
                           title="2 failed" 
                                                          href="#error_summary"
                        />
                    </td>
            </tr>
            
        </table>
    </td>
    <td>3</td>
    <td>1</td>
    <td>2</td>
    <td>0</td>
    <td>0</td>
    <td>0</td>
        <td>00:01:30.0213496</td>

    </tr>
    <tr>
            <td><a href="#f-2076420017">Test targets with different browsers (target: Firefox)</a></td>
            <td>
            50%
    </td>
    <td>
        <table class="timelineview" cellpadding="0" cellspacing="0">
            <tr>
                    <td>
                        <a class="bar colorSucceeded" 
                           style="width: 99px;" 
                           title="1 succeeded" 
                                                   />
                    </td>
                    <td>
                        <a class="bar colorFailed" 
                           style="width: 99px;" 
                           title="1 failed" 
                                                          href="#error_summary"
                        />
                    </td>
            </tr>
            
        </table>
    </td>
    <td>2</td>
    <td>1</td>
    <td>1</td>
    <td>0</td>
    <td>0</td>
    <td>0</td>
        <td>00:01:09.4268743</td>

    </tr>
    <tr>
            <td><a href="#f925670827">To verify the Login page1 (target: Firefox)</a></td>
            <td>
            33%
    </td>
    <td>
        <table class="timelineview" cellpadding="0" cellspacing="0">
            <tr>
                    <td>
                        <a class="bar colorSucceeded" 
                           style="width: 66px;" 
                           title="1 succeeded" 
                                                   />
                    </td>
                    <td>
                        <a class="bar colorFailed" 
                           style="width: 132px;" 
                           title="2 failed" 
                                                          href="#error_summary"
                        />
                    </td>
            </tr>
            
        </table>
    </td>
    <td>3</td>
    <td>1</td>
    <td>2</td>
    <td>0</td>
    <td>0</td>
    <td>0</td>
        <td>00:01:35.4851369</td>

    </tr>
        </table>

        <a name="error_summary" />
        <h2>Error Summary</h2>
        <table class="testEvents">
                <tr>
            <th>Test</th>
        <th colspan="2">Success rate</th>
        <th>Tests</th>
        <th>Succeeded</th>
        <th>Failed</th>
        <th>Pending</th>
        <th>Ignored</th>
        <th>Skipped</th>
    </tr>

                <tr>
                    <td>
                        <a href="#t-268013827.0">Add a customer1 (in CAPUIAutomation, To verify the Login page1)</a>
                    </td>
                        <td>
            0%
    </td>
    <td>
        <table class="timelineview" cellpadding="0" cellspacing="0">
            <tr>
                    <td>
                        <a class="bar colorFailed" 
                           style="width: 199px;" 
                           title="1 failed" 
                                                          href="#error_summary"
                        />
                    </td>
            </tr>
            
        </table>
    </td>
    <td>1</td>
    <td>0</td>
    <td>1</td>
    <td>0</td>
    <td>0</td>
    <td>0</td>

                </tr>
                <tr>
                    <td colspan="9" style="padding-left: 20px;"><div class="errorMessage">Error:    at SeleniumExtras.PageObjects.DefaultElementLocator.LocateElement(IEnumerable`1 bys)
   at SeleniumExtras.PageObjects.WebElementProxy.get_Element()
   at SeleniumExtras.PageObjects.WebElementProxy.Invoke(IMessage msg)
   at System.Runtime.Remoting.Proxies.RealProxy.PrivateInvoke(MessageData&amp; msgData, Int32 type)
   at OpenQA.Selenium.IWebElement.Click()
   at CAPUIAutomationHelperUtility.WebDriverUtility.ClickOn(IWebElement element) in C:\Users\52101563\source\repos\CAPUIAutomationHelperUtility\CAPUIAutomationHelperUtility\WebDriverUtility.cs:line 61</div></td>
                </tr>
                <tr>
                    <td>
                        <a href="#t-667406130.0">Add a customer2 (in CAPUIAutomation, To verify the Login page1)</a>
                    </td>
                        <td>
            0%
    </td>
    <td>
        <table class="timelineview" cellpadding="0" cellspacing="0">
            <tr>
                    <td>
                        <a class="bar colorFailed" 
                           style="width: 199px;" 
                           title="1 failed" 
                                                          href="#error_summary"
                        />
                    </td>
            </tr>
            
        </table>
    </td>
    <td>1</td>
    <td>0</td>
    <td>1</td>
    <td>0</td>
    <td>0</td>
    <td>0</td>

                </tr>
                <tr>
                    <td colspan="9" style="padding-left: 20px;"><div class="errorMessage">Error:    at SeleniumExtras.PageObjects.DefaultElementLocator.LocateElement(IEnumerable`1 bys)
   at SeleniumExtras.PageObjects.WebElementProxy.get_Element()
   at SeleniumExtras.PageObjects.WebElementProxy.Invoke(IMessage msg)
   at System.Runtime.Remoting.Proxies.RealProxy.PrivateInvoke(MessageData&amp; msgData, Int32 type)
   at OpenQA.Selenium.IWebElement.Click()
   at CAPUIAutomationHelperUtility.WebDriverUtility.ClickOn(IWebElement element) in C:\Users\52101563\source\repos\CAPUIAutomationHelperUtility\CAPUIAutomationHelperUtility\WebDriverUtility.cs:line 61</div></td>
                </tr>
                <tr>
                    <td>
                        <a href="#t-798483448.0">Add a customer (in CAPUIAutomation, Test targets with different browsers)</a>
                    </td>
                        <td>
            0%
    </td>
    <td>
        <table class="timelineview" cellpadding="0" cellspacing="0">
            <tr>
                    <td>
                        <a class="bar colorFailed" 
                           style="width: 199px;" 
                           title="1 failed" 
                                                          href="#error_summary"
                        />
                    </td>
            </tr>
            
        </table>
    </td>
    <td>1</td>
    <td>0</td>
    <td>1</td>
    <td>0</td>
    <td>0</td>
    <td>0</td>

                </tr>
                <tr>
                    <td colspan="9" style="padding-left: 20px;"><div class="errorMessage">Error:    at SeleniumExtras.PageObjects.DefaultElementLocator.LocateElement(IEnumerable`1 bys)
   at SeleniumExtras.PageObjects.WebElementProxy.get_Element()
   at SeleniumExtras.PageObjects.WebElementProxy.Invoke(IMessage msg)
   at System.Runtime.Remoting.Proxies.RealProxy.PrivateInvoke(MessageData&amp; msgData, Int32 type)
   at OpenQA.Selenium.IWebElement.Click()
   at CAPUIAutomationHelperUtility.WebDriverUtility.ClickOn(IWebElement element) in C:\Users\52101563\source\repos\CAPUIAutomationHelperUtility\CAPUIAutomationHelperUtility\WebDriverUtility.cs:line 61</div></td>
                </tr>
                <tr>
                    <td>
                        <a href="#t-369737043.0">Add a customer1 (in CAPUIAutomation, To verify the Login page1)</a>
                    </td>
                        <td>
            0%
    </td>
    <td>
        <table class="timelineview" cellpadding="0" cellspacing="0">
            <tr>
                    <td>
                        <a class="bar colorFailed" 
                           style="width: 199px;" 
                           title="1 failed" 
                                                          href="#error_summary"
                        />
                    </td>
            </tr>
            
        </table>
    </td>
    <td>1</td>
    <td>0</td>
    <td>1</td>
    <td>0</td>
    <td>0</td>
    <td>0</td>

                </tr>
                <tr>
                    <td colspan="9" style="padding-left: 20px;"><div class="errorMessage">Error:    at SeleniumExtras.PageObjects.DefaultElementLocator.LocateElement(IEnumerable`1 bys)
   at SeleniumExtras.PageObjects.WebElementProxy.get_Element()
   at SeleniumExtras.PageObjects.WebElementProxy.Invoke(IMessage msg)
   at System.Runtime.Remoting.Proxies.RealProxy.PrivateInvoke(MessageData&amp; msgData, Int32 type)
   at OpenQA.Selenium.IWebElement.Click()
   at CAPUIAutomationHelperUtility.WebDriverUtility.ClickOn(IWebElement element) in C:\Users\52101563\source\repos\CAPUIAutomationHelperUtility\CAPUIAutomationHelperUtility\WebDriverUtility.cs:line 61</div></td>
                </tr>
                <tr>
                    <td>
                        <a href="#t-1043850082.0">Add a customer2 (in CAPUIAutomation, To verify the Login page1)</a>
                    </td>
                        <td>
            0%
    </td>
    <td>
        <table class="timelineview" cellpadding="0" cellspacing="0">
            <tr>
                    <td>
                        <a class="bar colorFailed" 
                           style="width: 199px;" 
                           title="1 failed" 
                                                          href="#error_summary"
                        />
                    </td>
            </tr>
            
        </table>
    </td>
    <td>1</td>
    <td>0</td>
    <td>1</td>
    <td>0</td>
    <td>0</td>
    <td>0</td>

                </tr>
                <tr>
                    <td colspan="9" style="padding-left: 20px;"><div class="errorMessage">Error:    at SeleniumExtras.PageObjects.DefaultElementLocator.LocateElement(IEnumerable`1 bys)
   at SeleniumExtras.PageObjects.WebElementProxy.get_Element()
   at SeleniumExtras.PageObjects.WebElementProxy.Invoke(IMessage msg)
   at System.Runtime.Remoting.Proxies.RealProxy.PrivateInvoke(MessageData&amp; msgData, Int32 type)
   at OpenQA.Selenium.IWebElement.Click()
   at CAPUIAutomationHelperUtility.WebDriverUtility.ClickOn(IWebElement element) in C:\Users\52101563\source\repos\CAPUIAutomationHelperUtility\CAPUIAutomationHelperUtility\WebDriverUtility.cs:line 61</div></td>
                </tr>
        </table>

        <h2>Scenario Summary</h2>
            <a name="f-1647545313" />
            <h3>Feature: Test targets with different browsers (target: Chrome)</h3>
            <table class="testEvents">
                    <tr>
            <th>Test</th>
        <th colspan="2">Success rate</th>
        <th>Tests</th>
        <th>Succeeded</th>
        <th>Failed</th>
        <th>Pending</th>
        <th>Ignored</th>
        <th>Skipped</th>
            <th>Duration</th>
    </tr>

                    <tr>
                        <td>
                                    <a href="#t-454793789.0">Scenario: Basepage is Calculator</a>

                        </td>
                        
                            <td>
            100%
    </td>
    <td>
        <table class="timelineview" cellpadding="0" cellspacing="0">
            <tr>
                    <td>
                        <a class="bar colorSucceeded" 
                           style="width: 199px;" 
                           title="1 succeeded" 
                                                   />
                    </td>
            </tr>
            
        </table>
    </td>
    <td>1</td>
    <td>1</td>
    <td>0</td>
    <td>0</td>
    <td>0</td>
    <td>0</td>
        <td>00:00:30.5513884</td>

                        
                    </tr>
                    <tr>
                        <td>
                                    <a href="#t-912773032.0">Scenario: Add a customer</a>

                        </td>
                        
                            <td>
            n/a
    </td>
    <td>
        <table class="timelineview" cellpadding="0" cellspacing="0">
            <tr>
                    <td>
                        <a class="bar colorSkipped" 
                           style="width: 199px;" 
                           title="1 skipped" 
                                                   />
                    </td>
            </tr>
            
        </table>
    </td>
    <td>1</td>
    <td>0</td>
    <td>0</td>
    <td>0</td>
    <td>0</td>
    <td>1</td>
        <td>00:00:00.0003098</td>

                        
                    </tr>
            </table>
            <a name="f786215419" />
            <h3>Feature: To verify the Login page1 (target: Chrome)</h3>
            <table class="testEvents">
                    <tr>
            <th>Test</th>
        <th colspan="2">Success rate</th>
        <th>Tests</th>
        <th>Succeeded</th>
        <th>Failed</th>
        <th>Pending</th>
        <th>Ignored</th>
        <th>Skipped</th>
            <th>Duration</th>
    </tr>

                    <tr>
                        <td>
                                    <a href="#t-268013827.0">Scenario: Add a customer1</a>

                        </td>
                        
                            <td>
            0%
    </td>
    <td>
        <table class="timelineview" cellpadding="0" cellspacing="0">
            <tr>
                    <td>
                        <a class="bar colorFailed" 
                           style="width: 199px;" 
                           title="1 failed" 
                                                          href="#error_summary"
                        />
                    </td>
            </tr>
            
        </table>
    </td>
    <td>1</td>
    <td>0</td>
    <td>1</td>
    <td>0</td>
    <td>0</td>
    <td>0</td>
        <td>00:00:31.0479629</td>

                        
                    </tr>
                    <tr>
                        <td>
                                    <a href="#t-684631624.0">Scenario: Basepage is Calculator1</a>

                        </td>
                        
                            <td>
            100%
    </td>
    <td>
        <table class="timelineview" cellpadding="0" cellspacing="0">
            <tr>
                    <td>
                        <a class="bar colorSucceeded" 
                           style="width: 199px;" 
                           title="1 succeeded" 
                                                   />
                    </td>
            </tr>
            
        </table>
    </td>
    <td>1</td>
    <td>1</td>
    <td>0</td>
    <td>0</td>
    <td>0</td>
    <td>0</td>
        <td>00:00:31.0084812</td>

                        
                    </tr>
                    <tr>
                        <td>
                                    <a href="#t-667406130.0">Scenario: Add a customer2</a>

                        </td>
                        
                            <td>
            0%
    </td>
    <td>
        <table class="timelineview" cellpadding="0" cellspacing="0">
            <tr>
                    <td>
                        <a class="bar colorFailed" 
                           style="width: 199px;" 
                           title="1 failed" 
                                                          href="#error_summary"
                        />
                    </td>
            </tr>
            
        </table>
    </td>
    <td>1</td>
    <td>0</td>
    <td>1</td>
    <td>0</td>
    <td>0</td>
    <td>0</td>
        <td>00:00:27.9649055</td>

                        
                    </tr>
            </table>
            <a name="f-2076420017" />
            <h3>Feature: Test targets with different browsers (target: Firefox)</h3>
            <table class="testEvents">
                    <tr>
            <th>Test</th>
        <th colspan="2">Success rate</th>
        <th>Tests</th>
        <th>Succeeded</th>
        <th>Failed</th>
        <th>Pending</th>
        <th>Ignored</th>
        <th>Skipped</th>
            <th>Duration</th>
    </tr>

                    <tr>
                        <td>
                                    <a href="#t-49002093.0">Scenario: Basepage is Calculator</a>

                        </td>
                        
                            <td>
            100%
    </td>
    <td>
        <table class="timelineview" cellpadding="0" cellspacing="0">
            <tr>
                    <td>
                        <a class="bar colorSucceeded" 
                           style="width: 199px;" 
                           title="1 succeeded" 
                                                   />
                    </td>
            </tr>
            
        </table>
    </td>
    <td>1</td>
    <td>1</td>
    <td>0</td>
    <td>0</td>
    <td>0</td>
    <td>0</td>
        <td>00:00:34.5851772</td>

                        
                    </tr>
                    <tr>
                        <td>
                                    <a href="#t-798483448.0">Scenario: Add a customer</a>

                        </td>
                        
                            <td>
            0%
    </td>
    <td>
        <table class="timelineview" cellpadding="0" cellspacing="0">
            <tr>
                    <td>
                        <a class="bar colorFailed" 
                           style="width: 199px;" 
                           title="1 failed" 
                                                          href="#error_summary"
                        />
                    </td>
            </tr>
            
        </table>
    </td>
    <td>1</td>
    <td>0</td>
    <td>1</td>
    <td>0</td>
    <td>0</td>
    <td>0</td>
        <td>00:00:34.8416971</td>

                        
                    </tr>
            </table>
            <a name="f925670827" />
            <h3>Feature: To verify the Login page1 (target: Firefox)</h3>
            <table class="testEvents">
                    <tr>
            <th>Test</th>
        <th colspan="2">Success rate</th>
        <th>Tests</th>
        <th>Succeeded</th>
        <th>Failed</th>
        <th>Pending</th>
        <th>Ignored</th>
        <th>Skipped</th>
            <th>Duration</th>
    </tr>

                    <tr>
                        <td>
                                    <a href="#t-369737043.0">Scenario: Add a customer1</a>

                        </td>
                        
                            <td>
            0%
    </td>
    <td>
        <table class="timelineview" cellpadding="0" cellspacing="0">
            <tr>
                    <td>
                        <a class="bar colorFailed" 
                           style="width: 199px;" 
                           title="1 failed" 
                                                          href="#error_summary"
                        />
                    </td>
            </tr>
            
        </table>
    </td>
    <td>1</td>
    <td>0</td>
    <td>1</td>
    <td>0</td>
    <td>0</td>
    <td>0</td>
        <td>00:00:32.9016119</td>

                        
                    </tr>
                    <tr>
                        <td>
                                    <a href="#t-826182168.0">Scenario: Basepage is Calculator1</a>

                        </td>
                        
                            <td>
            100%
    </td>
    <td>
        <table class="timelineview" cellpadding="0" cellspacing="0">
            <tr>
                    <td>
                        <a class="bar colorSucceeded" 
                           style="width: 199px;" 
                           title="1 succeeded" 
                                                   />
                    </td>
            </tr>
            
        </table>
    </td>
    <td>1</td>
    <td>1</td>
    <td>0</td>
    <td>0</td>
    <td>0</td>
    <td>0</td>
        <td>00:00:27.2973193</td>

                        
                    </tr>
                    <tr>
                        <td>
                                    <a href="#t-1043850082.0">Scenario: Add a customer2</a>

                        </td>
                        
                            <td>
            0%
    </td>
    <td>
        <table class="timelineview" cellpadding="0" cellspacing="0">
            <tr>
                    <td>
                        <a class="bar colorFailed" 
                           style="width: 199px;" 
                           title="1 failed" 
                                                          href="#error_summary"
                        />
                    </td>
            </tr>
            
        </table>
    </td>
    <td>1</td>
    <td>0</td>
    <td>1</td>
    <td>0</td>
    <td>0</td>
    <td>0</td>
        <td>00:00:35.2862057</td>

                        
                    </tr>
            </table>

        <h2>Execution Details</h2>
            <a name="t-454793789.0" />
            <h3>Scenario: Basepage is Calculator (in CAPUIAutomation, Test targets with different browsers)</h3>
                <div class="description">
                    tags: Browser_Chrome, Browser_Firefox
                </div>
            <ul>
                <li>Status: Succeeded</li>
                <li>Start time: 22-05-2019 19:21:57</li>
                <li>Execution time (sec): 30.5513884</li>
                <li>Thread: #0</li>
            </ul>
            <table class="testEvents">
                <tr>
                    <th>Steps</th>
                    <th>Trace</th>
                    <th>Result</th>
                </tr>
                    <tr>
                        <td>
                            <pre class="log"></pre>
                        </td>
                        <td>
                            <!-- [Initialization: Feature - Test targets with different browsers] -->
                            <pre class="log">-&gt; Using app.config</pre>
                        </td>
                        <td>Succeeded in 0.358s</td>
                    </tr>
                    <tr>
                        <td>
                            <pre class="log">Given I navigated to /</pre>
                        </td>
                        <td>
                            <!-- [TestArrange: Scenario - Basepage is Calculator] -->
                            <pre class="log">TEST
done: LoginSteps.GivenINavigatedTo() (4.4s)</pre>
                        </td>
                        <td>Succeeded in 14.665s</td>
                    </tr>
                    <tr>
                        <td>
                            <pre class="log">Then browser title is Calculator</pre>
                        </td>
                        <td>
                            <!-- [TestAssert: Scenario - Basepage is Calculator] -->
                            <pre class="log">TEST1
done: LoginSteps.ThenBrowserTitleIsCalculator() (11.3s)</pre>
                        </td>
                        <td>Succeeded in 11.352s</td>
                    </tr>
            </table>
            <a name="t-268013827.0" />
            <h3>Scenario: Add a customer1 (in CAPUIAutomation, To verify the Login page1)</h3>
                <div class="description">
                    tags: Browser_Chrome, Browser_Firefox
                </div>
            <ul>
                <li>Status: Failed</li>
                <li>Start time: 22-05-2019 19:22:28</li>
                <li>Execution time (sec): 31.0479629</li>
                <li>Thread: #0</li>
                <li>Error:    at SeleniumExtras.PageObjects.DefaultElementLocator.LocateElement(IEnumerable`1 bys)
   at SeleniumExtras.PageObjects.WebElementProxy.get_Element()
   at SeleniumExtras.PageObjects.WebElementProxy.Invoke(IMessage msg)
   at System.Runtime.Remoting.Proxies.RealProxy.PrivateInvoke(MessageData&amp; msgData, Int32 type)
   at OpenQA.Selenium.IWebElement.Click()
   at CAPUIAutomationHelperUtility.WebDriverUtility.ClickOn(IWebElement element) in C:\Users\52101563\source\repos\CAPUIAutomationHelperUtility\CAPUIAutomationHelperUtility\WebDriverUtility.cs:line 61</li>
            </ul>
            <table class="testEvents">
                <tr>
                    <th>Steps</th>
                    <th>Trace</th>
                    <th>Result</th>
                </tr>
                    <tr>
                        <td>
                            <pre class="log">Given I navigate to Home page</pre>
                        </td>
                        <td>
                            <!-- [TestArrange: Scenario - Add a customer1] -->
                            <pre class="log">done: LoginSteps.GivenINavigateToHomePage() (5.2s)</pre>
                        </td>
                        <td>Succeeded in 11.496s</td>
                    </tr>
                    <tr>
                        <td>
                            <pre class="log">When I add a customer with below data
  --- table step argument ---
  | Name     | Description                         | IsolationLevel | Size  |
  | TestName | This is a test description for test | Cluster        | Large |</pre>
                        </td>
                        <td>
                            <!-- [TestAct: Scenario - Add a customer1] -->
                            <pre class="log">error:    at SeleniumExtras.PageObjects.DefaultElementLocator.LocateElement(IEnumerable`1 bys)
   at SeleniumExtras.PageObjects.WebElementProxy.get_Element()
   at SeleniumExtras.PageObjects.WebElementProxy.Invoke(IMessage msg)
   at System.Runtime.Remoting.Proxies.RealProxy.PrivateInvoke(MessageData&amp; msgData, Int32 type)
   at OpenQA.Selenium.IWebElement.Click()
   at CAPUIAutomationHelperUtility.WebDriverUtility.ClickOn(IWebElement element) in C:\Users\52101563\source\repos\CAPUIAutomationHelperUtility\CAPUIAutomationHelperUtility\WebDriverUtility.cs:line 61</pre>
                                <div class="errorMessage">   at SeleniumExtras.PageObjects.DefaultElementLocator.LocateElement(IEnumerable`1 bys)
   at SeleniumExtras.PageObjects.WebElementProxy.get_Element()
   at SeleniumExtras.PageObjects.WebElementProxy.Invoke(IMessage msg)
   at System.Runtime.Remoting.Proxies.RealProxy.PrivateInvoke(MessageData&amp; msgData, Int32 type)
   at OpenQA.Selenium.IWebElement.Click()
   at CAPUIAutomationHelperUtility.WebDriverUtility.ClickOn(IWebElement element) in C:\Users\52101563\source\repos\CAPUIAutomationHelperUtility\CAPUIAutomationHelperUtility\WebDriverUtility.cs:line 61</div>
                                <pre class="stackTrace">CAPUIAutomationHelperUtility.ConduentUIAutomationException:    at SeleniumExtras.PageObjects.DefaultElementLocator.LocateElement(IEnumerable`1 bys)
   at SeleniumExtras.PageObjects.WebElementProxy.get_Element()
   at SeleniumExtras.PageObjects.WebElementProxy.Invoke(IMessage msg)
   at System.Runtime.Remoting.Proxies.RealProxy.PrivateInvoke(MessageData&amp; msgData, Int32 type)
   at OpenQA.Selenium.IWebElement.Click()
   at CAPUIAutomationHelperUtility.WebDriverUtility.ClickOn(IWebElement element) in C:\Users\52101563\source\repos\CAPUIAutomationHelperUtility\CAPUIAutomationHelperUtility\WebDriverUtility.cs:line 61
   at CAPUIAutomationHelperUtility.WebDriverUtility.ClickOn(IWebElement element) in C:\Users\52101563\source\repos\CAPUIAutomationHelperUtility\CAPUIAutomationHelperUtility\WebDriverUtility.cs:line 66
   at CAPUIAutomation.PageObjects.HomePage.ClickCustomerManagement() in C:\Users\52101563\source\repos\CAPUIAutomation\CAPUIAutomation\PageObjects\HomePage.cs:line 39
   at CAPUIAutomation.StepDefinitions.LoginSteps.WhenIAddACustomerWithBelowData(Table table) in C:\Users\52101563\source\repos\CAPUIAutomation\CAPUIAutomation\StepDefinitions\LoginSteps.cs:line 52
   at lambda_method(Closure , IContextManager , Table )
   at TechTalk.SpecFlow.Bindings.BindingInvoker.InvokeBinding(IBinding binding, IContextManager contextManager, Object[] arguments, ITestTracer testTracer, TimeSpan&amp; duration)
   at TechTalk.SpecFlow.Infrastructure.TestExecutionEngine.ExecuteStepMatch(BindingMatch match, Object[] arguments)
   at TechTalk.SpecRun.SpecFlowPlugin.Runtime.RunnerTestExecutionEngine.ExecuteStepMatch(BindingMatch match, Object[] arguments)
   at TechTalk.SpecFlow.Infrastructure.TestExecutionEngine.ExecuteStep(IContextManager contextManager, StepInstance stepInstance)
   at TechTalk.SpecFlow.Infrastructure.TestExecutionEngine.OnAfterLastStep()
   at TechTalk.SpecFlow.TestRunner.CollectScenarioErrors()
   at CAPUIAutomation.FeatureFiles.ToVerifyTheLoginPage1Feature.ScenarioCleanup()
   at CAPUIAutomation.FeatureFiles.ToVerifyTheLoginPage1Feature.AddACustomer1() in C:\Users\52101563\source\repos\CAPUIAutomation\CAPUIAutomation\FeatureFiles\Feature2.feature:line 10
   at TechTalk.SpecRun.Framework.TaskExecutors.StaticOrInstanceMethodExecutor.ExecuteInternal(ITestThreadExecutionContext testThreadExecutionContext)
   at TechTalk.SpecRun.Framework.TaskExecutors.StaticOrInstanceMethodExecutor.Execute(ITestThreadExecutionContext testThreadExecutionContext)
   at TechTalk.SpecRun.Framework.TestAssemblyExecutor.ExecuteTestNodeTask(TestNode testNode, ITaskExecutor task, TraceEventType eventType)</pre>
                        </td>
                        <td>Failed in 15.386s</td>
                    </tr>
                    <tr>
                        <td>
                            <pre class="log">Then I verify customer data is added as &quot;false&quot;</pre>
                        </td>
                        <td>
                            <!-- [TestAssert: Scenario - Add a customer1] -->
                            <pre class="log">skipped because of previous errors</pre>
                        </td>
                        <td>Skipped in 0.016s</td>
                    </tr>
            </table>
            <a name="t-684631624.0" />
            <h3>Scenario: Basepage is Calculator1 (in CAPUIAutomation, To verify the Login page1)</h3>
                <div class="description">
                    tags: Browser_Chrome, Browser_Firefox
                </div>
            <ul>
                <li>Status: Succeeded</li>
                <li>Start time: 22-05-2019 19:22:59</li>
                <li>Execution time (sec): 31.0084812</li>
                <li>Thread: #0</li>
            </ul>
            <table class="testEvents">
                <tr>
                    <th>Steps</th>
                    <th>Trace</th>
                    <th>Result</th>
                </tr>
                    <tr>
                        <td>
                            <pre class="log">Given I navigated to /</pre>
                        </td>
                        <td>
                            <!-- [TestArrange: Scenario - Basepage is Calculator1] -->
                            <pre class="log">TEST
done: LoginSteps.GivenINavigatedTo() (6.8s)</pre>
                        </td>
                        <td>Succeeded in 13.112s</td>
                    </tr>
                    <tr>
                        <td>
                            <pre class="log">Then browser title is Calculator</pre>
                        </td>
                        <td>
                            <!-- [TestAssert: Scenario - Basepage is Calculator1] -->
                            <pre class="log">TEST1
done: LoginSteps.ThenBrowserTitleIsCalculator() (13.8s)</pre>
                        </td>
                        <td>Succeeded in 13.803s</td>
                    </tr>
            </table>
            <a name="t-667406130.0" />
            <h3>Scenario: Add a customer2 (in CAPUIAutomation, To verify the Login page1)</h3>
                <div class="description">
                    tags: Browser_Chrome, Browser_Firefox
                </div>
            <ul>
                <li>Status: Failed</li>
                <li>Start time: 22-05-2019 19:23:30</li>
                <li>Execution time (sec): 27.9649055</li>
                <li>Thread: #0</li>
                <li>Error:    at SeleniumExtras.PageObjects.DefaultElementLocator.LocateElement(IEnumerable`1 bys)
   at SeleniumExtras.PageObjects.WebElementProxy.get_Element()
   at SeleniumExtras.PageObjects.WebElementProxy.Invoke(IMessage msg)
   at System.Runtime.Remoting.Proxies.RealProxy.PrivateInvoke(MessageData&amp; msgData, Int32 type)
   at OpenQA.Selenium.IWebElement.Click()
   at CAPUIAutomationHelperUtility.WebDriverUtility.ClickOn(IWebElement element) in C:\Users\52101563\source\repos\CAPUIAutomationHelperUtility\CAPUIAutomationHelperUtility\WebDriverUtility.cs:line 61</li>
            </ul>
            <table class="testEvents">
                <tr>
                    <th>Steps</th>
                    <th>Trace</th>
                    <th>Result</th>
                </tr>
                    <tr>
                        <td>
                            <pre class="log">Given I navigate to Home page</pre>
                        </td>
                        <td>
                            <!-- [TestArrange: Scenario - Add a customer2] -->
                            <pre class="log">done: LoginSteps.GivenINavigateToHomePage() (2.6s)</pre>
                        </td>
                        <td>Succeeded in 8.752s</td>
                    </tr>
                    <tr>
                        <td>
                            <pre class="log">When I add a customer with below data
  --- table step argument ---
  | Name     | Description                         | IsolationLevel | Size  |
  | TestName | This is a test description for test | Cluster        | Large |</pre>
                        </td>
                        <td>
                            <!-- [TestAct: Scenario - Add a customer2] -->
                            <pre class="log">error:    at SeleniumExtras.PageObjects.DefaultElementLocator.LocateElement(IEnumerable`1 bys)
   at SeleniumExtras.PageObjects.WebElementProxy.get_Element()
   at SeleniumExtras.PageObjects.WebElementProxy.Invoke(IMessage msg)
   at System.Runtime.Remoting.Proxies.RealProxy.PrivateInvoke(MessageData&amp; msgData, Int32 type)
   at OpenQA.Selenium.IWebElement.Click()
   at CAPUIAutomationHelperUtility.WebDriverUtility.ClickOn(IWebElement element) in C:\Users\52101563\source\repos\CAPUIAutomationHelperUtility\CAPUIAutomationHelperUtility\WebDriverUtility.cs:line 61</pre>
                                <div class="errorMessage">   at SeleniumExtras.PageObjects.DefaultElementLocator.LocateElement(IEnumerable`1 bys)
   at SeleniumExtras.PageObjects.WebElementProxy.get_Element()
   at SeleniumExtras.PageObjects.WebElementProxy.Invoke(IMessage msg)
   at System.Runtime.Remoting.Proxies.RealProxy.PrivateInvoke(MessageData&amp; msgData, Int32 type)
   at OpenQA.Selenium.IWebElement.Click()
   at CAPUIAutomationHelperUtility.WebDriverUtility.ClickOn(IWebElement element) in C:\Users\52101563\source\repos\CAPUIAutomationHelperUtility\CAPUIAutomationHelperUtility\WebDriverUtility.cs:line 61</div>
                                <pre class="stackTrace">CAPUIAutomationHelperUtility.ConduentUIAutomationException:    at SeleniumExtras.PageObjects.DefaultElementLocator.LocateElement(IEnumerable`1 bys)
   at SeleniumExtras.PageObjects.WebElementProxy.get_Element()
   at SeleniumExtras.PageObjects.WebElementProxy.Invoke(IMessage msg)
   at System.Runtime.Remoting.Proxies.RealProxy.PrivateInvoke(MessageData&amp; msgData, Int32 type)
   at OpenQA.Selenium.IWebElement.Click()
   at CAPUIAutomationHelperUtility.WebDriverUtility.ClickOn(IWebElement element) in C:\Users\52101563\source\repos\CAPUIAutomationHelperUtility\CAPUIAutomationHelperUtility\WebDriverUtility.cs:line 61
   at CAPUIAutomationHelperUtility.WebDriverUtility.ClickOn(IWebElement element) in C:\Users\52101563\source\repos\CAPUIAutomationHelperUtility\CAPUIAutomationHelperUtility\WebDriverUtility.cs:line 66
   at CAPUIAutomation.PageObjects.HomePage.ClickCustomerManagement() in C:\Users\52101563\source\repos\CAPUIAutomation\CAPUIAutomation\PageObjects\HomePage.cs:line 39
   at CAPUIAutomation.StepDefinitions.LoginSteps.WhenIAddACustomerWithBelowData(Table table) in C:\Users\52101563\source\repos\CAPUIAutomation\CAPUIAutomation\StepDefinitions\LoginSteps.cs:line 52
   at lambda_method(Closure , IContextManager , Table )
   at TechTalk.SpecFlow.Bindings.BindingInvoker.InvokeBinding(IBinding binding, IContextManager contextManager, Object[] arguments, ITestTracer testTracer, TimeSpan&amp; duration)
   at TechTalk.SpecFlow.Infrastructure.TestExecutionEngine.ExecuteStepMatch(BindingMatch match, Object[] arguments)
   at TechTalk.SpecRun.SpecFlowPlugin.Runtime.RunnerTestExecutionEngine.ExecuteStepMatch(BindingMatch match, Object[] arguments)
   at TechTalk.SpecFlow.Infrastructure.TestExecutionEngine.ExecuteStep(IContextManager contextManager, StepInstance stepInstance)
   at TechTalk.SpecFlow.Infrastructure.TestExecutionEngine.OnAfterLastStep()
   at TechTalk.SpecFlow.TestRunner.CollectScenarioErrors()
   at CAPUIAutomation.FeatureFiles.ToVerifyTheLoginPage1Feature.ScenarioCleanup()
   at CAPUIAutomation.FeatureFiles.ToVerifyTheLoginPage1Feature.AddACustomer2() in C:\Users\52101563\source\repos\CAPUIAutomation\CAPUIAutomation\FeatureFiles\Feature2.feature:line 25
   at TechTalk.SpecRun.Framework.TaskExecutors.StaticOrInstanceMethodExecutor.ExecuteInternal(ITestThreadExecutionContext testThreadExecutionContext)
   at TechTalk.SpecRun.Framework.TaskExecutors.StaticOrInstanceMethodExecutor.Execute(ITestThreadExecutionContext testThreadExecutionContext)
   at TechTalk.SpecRun.Framework.TestAssemblyExecutor.ExecuteTestNodeTask(TestNode testNode, ITaskExecutor task, TraceEventType eventType)</pre>
                        </td>
                        <td>Failed in 15.079s</td>
                    </tr>
                    <tr>
                        <td>
                            <pre class="log">Then I verify customer data is added as &quot;true&quot;</pre>
                        </td>
                        <td>
                            <!-- [TestAssert: Scenario - Add a customer2] -->
                            <pre class="log">skipped because of previous errors</pre>
                        </td>
                        <td>Skipped in 0.001s</td>
                    </tr>
            </table>
            <a name="t-49002093.0" />
            <h3>Scenario: Basepage is Calculator (in CAPUIAutomation, Test targets with different browsers)</h3>
                <div class="description">
                    tags: Browser_Chrome, Browser_Firefox
                </div>
            <ul>
                <li>Status: Succeeded</li>
                <li>Start time: 22-05-2019 19:23:58</li>
                <li>Execution time (sec): 34.5851772</li>
                <li>Thread: #0</li>
            </ul>
            <table class="testEvents">
                <tr>
                    <th>Steps</th>
                    <th>Trace</th>
                    <th>Result</th>
                </tr>
                    <tr>
                        <td>
                            <pre class="log"></pre>
                        </td>
                        <td>
                            <!-- [Initialization: Feature - Test targets with different browsers] -->
                            <pre class="log">-&gt; Using app.config</pre>
                        </td>
                        <td>Succeeded in 0.263s</td>
                    </tr>
                    <tr>
                        <td>
                            <pre class="log">Given I navigated to /</pre>
                        </td>
                        <td>
                            <!-- [TestArrange: Scenario - Basepage is Calculator] -->
                            <pre class="log">TEST
done: LoginSteps.GivenINavigatedTo() (7.8s)</pre>
                        </td>
                        <td>Succeeded in 16.882s</td>
                    </tr>
                    <tr>
                        <td>
                            <pre class="log">Then browser title is Calculator</pre>
                        </td>
                        <td>
                            <!-- [TestAssert: Scenario - Basepage is Calculator] -->
                            <pre class="log">TEST1
done: LoginSteps.ThenBrowserTitleIsCalculator() (12.5s)</pre>
                        </td>
                        <td>Succeeded in 12.548s</td>
                    </tr>
            </table>
            <a name="t-798483448.0" />
            <h3>Scenario: Add a customer (in CAPUIAutomation, Test targets with different browsers)</h3>
                <div class="description">
                    tags: Browser_Chrome, Browser_Firefox
                </div>
            <ul>
                <li>Status: Failed</li>
                <li>Start time: 22-05-2019 19:24:32</li>
                <li>Execution time (sec): 34.8416971</li>
                <li>Thread: #0</li>
                <li>Error:    at SeleniumExtras.PageObjects.DefaultElementLocator.LocateElement(IEnumerable`1 bys)
   at SeleniumExtras.PageObjects.WebElementProxy.get_Element()
   at SeleniumExtras.PageObjects.WebElementProxy.Invoke(IMessage msg)
   at System.Runtime.Remoting.Proxies.RealProxy.PrivateInvoke(MessageData&amp; msgData, Int32 type)
   at OpenQA.Selenium.IWebElement.Click()
   at CAPUIAutomationHelperUtility.WebDriverUtility.ClickOn(IWebElement element) in C:\Users\52101563\source\repos\CAPUIAutomationHelperUtility\CAPUIAutomationHelperUtility\WebDriverUtility.cs:line 61</li>
            </ul>
            <table class="testEvents">
                <tr>
                    <th>Steps</th>
                    <th>Trace</th>
                    <th>Result</th>
                </tr>
                    <tr>
                        <td>
                            <pre class="log">Given I navigate to Home page</pre>
                        </td>
                        <td>
                            <!-- [TestArrange: Scenario - Add a customer] -->
                            <pre class="log">done: LoginSteps.GivenINavigateToHomePage() (6.8s)</pre>
                        </td>
                        <td>Succeeded in 14.64s</td>
                    </tr>
                    <tr>
                        <td>
                            <pre class="log">When I add a customer with below data
  --- table step argument ---
  | Name     | Description                         | IsolationLevel | Size  |
  | TestName | This is a test description for test | Cluster        | Large |
  | TestName | This is a test description for test | Cluster        | Large |
  | TestName | This is a test description for test | Cluster        | Large |
  | TestName | This is a test description for test | Cluster        | Large |</pre>
                        </td>
                        <td>
                            <!-- [TestAct: Scenario - Add a customer] -->
                            <pre class="log">error:    at SeleniumExtras.PageObjects.DefaultElementLocator.LocateElement(IEnumerable`1 bys)
   at SeleniumExtras.PageObjects.WebElementProxy.get_Element()
   at SeleniumExtras.PageObjects.WebElementProxy.Invoke(IMessage msg)
   at System.Runtime.Remoting.Proxies.RealProxy.PrivateInvoke(MessageData&amp; msgData, Int32 type)
   at OpenQA.Selenium.IWebElement.Click()
   at CAPUIAutomationHelperUtility.WebDriverUtility.ClickOn(IWebElement element) in C:\Users\52101563\source\repos\CAPUIAutomationHelperUtility\CAPUIAutomationHelperUtility\WebDriverUtility.cs:line 61</pre>
                                <div class="errorMessage">   at SeleniumExtras.PageObjects.DefaultElementLocator.LocateElement(IEnumerable`1 bys)
   at SeleniumExtras.PageObjects.WebElementProxy.get_Element()
   at SeleniumExtras.PageObjects.WebElementProxy.Invoke(IMessage msg)
   at System.Runtime.Remoting.Proxies.RealProxy.PrivateInvoke(MessageData&amp; msgData, Int32 type)
   at OpenQA.Selenium.IWebElement.Click()
   at CAPUIAutomationHelperUtility.WebDriverUtility.ClickOn(IWebElement element) in C:\Users\52101563\source\repos\CAPUIAutomationHelperUtility\CAPUIAutomationHelperUtility\WebDriverUtility.cs:line 61</div>
                                <pre class="stackTrace">CAPUIAutomationHelperUtility.ConduentUIAutomationException:    at SeleniumExtras.PageObjects.DefaultElementLocator.LocateElement(IEnumerable`1 bys)
   at SeleniumExtras.PageObjects.WebElementProxy.get_Element()
   at SeleniumExtras.PageObjects.WebElementProxy.Invoke(IMessage msg)
   at System.Runtime.Remoting.Proxies.RealProxy.PrivateInvoke(MessageData&amp; msgData, Int32 type)
   at OpenQA.Selenium.IWebElement.Click()
   at CAPUIAutomationHelperUtility.WebDriverUtility.ClickOn(IWebElement element) in C:\Users\52101563\source\repos\CAPUIAutomationHelperUtility\CAPUIAutomationHelperUtility\WebDriverUtility.cs:line 61
   at CAPUIAutomationHelperUtility.WebDriverUtility.ClickOn(IWebElement element) in C:\Users\52101563\source\repos\CAPUIAutomationHelperUtility\CAPUIAutomationHelperUtility\WebDriverUtility.cs:line 66
   at CAPUIAutomation.PageObjects.HomePage.ClickCustomerManagement() in C:\Users\52101563\source\repos\CAPUIAutomation\CAPUIAutomation\PageObjects\HomePage.cs:line 39
   at CAPUIAutomation.StepDefinitions.LoginSteps.WhenIAddACustomerWithBelowData(Table table) in C:\Users\52101563\source\repos\CAPUIAutomation\CAPUIAutomation\StepDefinitions\LoginSteps.cs:line 52
   at lambda_method(Closure , IContextManager , Table )
   at TechTalk.SpecFlow.Bindings.BindingInvoker.InvokeBinding(IBinding binding, IContextManager contextManager, Object[] arguments, ITestTracer testTracer, TimeSpan&amp; duration)
   at TechTalk.SpecFlow.Infrastructure.TestExecutionEngine.ExecuteStepMatch(BindingMatch match, Object[] arguments)
   at TechTalk.SpecRun.SpecFlowPlugin.Runtime.RunnerTestExecutionEngine.ExecuteStepMatch(BindingMatch match, Object[] arguments)
   at TechTalk.SpecFlow.Infrastructure.TestExecutionEngine.ExecuteStep(IContextManager contextManager, StepInstance stepInstance)
   at TechTalk.SpecFlow.Infrastructure.TestExecutionEngine.OnAfterLastStep()
   at TechTalk.SpecFlow.TestRunner.CollectScenarioErrors()
   at CAPUIAutomation.FeatureFiles.TestTargetsWithDifferentBrowsersFeature.ScenarioCleanup()
   at CAPUIAutomation.FeatureFiles.TestTargetsWithDifferentBrowsersFeature.AddACustomer() in C:\Users\52101563\source\repos\CAPUIAutomation\CAPUIAutomation\FeatureFiles\Feature1.feature:line 20
   at TechTalk.SpecRun.Framework.TaskExecutors.StaticOrInstanceMethodExecutor.ExecuteInternal(ITestThreadExecutionContext testThreadExecutionContext)
   at TechTalk.SpecRun.Framework.TaskExecutors.StaticOrInstanceMethodExecutor.Execute(ITestThreadExecutionContext testThreadExecutionContext)
   at TechTalk.SpecRun.Framework.TestAssemblyExecutor.ExecuteTestNodeTask(TestNode testNode, ITaskExecutor task, TraceEventType eventType)</pre>
                        </td>
                        <td>Failed in 15.15s</td>
                    </tr>
                    <tr>
                        <td>
                            <pre class="log">Then I verify customer data is added as &quot;true&quot;</pre>
                        </td>
                        <td>
                            <!-- [TestAssert: Scenario - Add a customer] -->
                            <pre class="log">skipped because of previous errors</pre>
                        </td>
                        <td>Skipped in 0.001s</td>
                    </tr>
                    <tr>
                        <td>
                            <pre class="log">And I do some test</pre>
                        </td>
                        <td>
                            <!-- [TestAssert: Scenario - Add a customer] -->
                            <pre class="log">No matching step definition found for the step. Use the following code to create one:
        [Then(@&quot;I do some test&quot;)]
public void ThenIDoSomeTest()
{
    ScenarioContext.Current.Pending();
}</pre>
                        </td>
                        <td>Pending in 0.109s</td>
                    </tr>
            </table>
            <a name="t-369737043.0" />
            <h3>Scenario: Add a customer1 (in CAPUIAutomation, To verify the Login page1)</h3>
                <div class="description">
                    tags: Browser_Chrome, Browser_Firefox
                </div>
            <ul>
                <li>Status: Failed</li>
                <li>Start time: 22-05-2019 19:25:07</li>
                <li>Execution time (sec): 32.9016119</li>
                <li>Thread: #0</li>
                <li>Error:    at SeleniumExtras.PageObjects.DefaultElementLocator.LocateElement(IEnumerable`1 bys)
   at SeleniumExtras.PageObjects.WebElementProxy.get_Element()
   at SeleniumExtras.PageObjects.WebElementProxy.Invoke(IMessage msg)
   at System.Runtime.Remoting.Proxies.RealProxy.PrivateInvoke(MessageData&amp; msgData, Int32 type)
   at OpenQA.Selenium.IWebElement.Click()
   at CAPUIAutomationHelperUtility.WebDriverUtility.ClickOn(IWebElement element) in C:\Users\52101563\source\repos\CAPUIAutomationHelperUtility\CAPUIAutomationHelperUtility\WebDriverUtility.cs:line 61</li>
            </ul>
            <table class="testEvents">
                <tr>
                    <th>Steps</th>
                    <th>Trace</th>
                    <th>Result</th>
                </tr>
                    <tr>
                        <td>
                            <pre class="log">Given I navigate to Home page</pre>
                        </td>
                        <td>
                            <!-- [TestArrange: Scenario - Add a customer1] -->
                            <pre class="log">done: LoginSteps.GivenINavigateToHomePage() (5.7s)</pre>
                        </td>
                        <td>Succeeded in 13.175s</td>
                    </tr>
                    <tr>
                        <td>
                            <pre class="log">When I add a customer with below data
  --- table step argument ---
  | Name     | Description                         | IsolationLevel | Size  |
  | TestName | This is a test description for test | Cluster        | Large |</pre>
                        </td>
                        <td>
                            <!-- [TestAct: Scenario - Add a customer1] -->
                            <pre class="log">error:    at SeleniumExtras.PageObjects.DefaultElementLocator.LocateElement(IEnumerable`1 bys)
   at SeleniumExtras.PageObjects.WebElementProxy.get_Element()
   at SeleniumExtras.PageObjects.WebElementProxy.Invoke(IMessage msg)
   at System.Runtime.Remoting.Proxies.RealProxy.PrivateInvoke(MessageData&amp; msgData, Int32 type)
   at OpenQA.Selenium.IWebElement.Click()
   at CAPUIAutomationHelperUtility.WebDriverUtility.ClickOn(IWebElement element) in C:\Users\52101563\source\repos\CAPUIAutomationHelperUtility\CAPUIAutomationHelperUtility\WebDriverUtility.cs:line 61</pre>
                                <div class="errorMessage">   at SeleniumExtras.PageObjects.DefaultElementLocator.LocateElement(IEnumerable`1 bys)
   at SeleniumExtras.PageObjects.WebElementProxy.get_Element()
   at SeleniumExtras.PageObjects.WebElementProxy.Invoke(IMessage msg)
   at System.Runtime.Remoting.Proxies.RealProxy.PrivateInvoke(MessageData&amp; msgData, Int32 type)
   at OpenQA.Selenium.IWebElement.Click()
   at CAPUIAutomationHelperUtility.WebDriverUtility.ClickOn(IWebElement element) in C:\Users\52101563\source\repos\CAPUIAutomationHelperUtility\CAPUIAutomationHelperUtility\WebDriverUtility.cs:line 61</div>
                                <pre class="stackTrace">CAPUIAutomationHelperUtility.ConduentUIAutomationException:    at SeleniumExtras.PageObjects.DefaultElementLocator.LocateElement(IEnumerable`1 bys)
   at SeleniumExtras.PageObjects.WebElementProxy.get_Element()
   at SeleniumExtras.PageObjects.WebElementProxy.Invoke(IMessage msg)
   at System.Runtime.Remoting.Proxies.RealProxy.PrivateInvoke(MessageData&amp; msgData, Int32 type)
   at OpenQA.Selenium.IWebElement.Click()
   at CAPUIAutomationHelperUtility.WebDriverUtility.ClickOn(IWebElement element) in C:\Users\52101563\source\repos\CAPUIAutomationHelperUtility\CAPUIAutomationHelperUtility\WebDriverUtility.cs:line 61
   at CAPUIAutomationHelperUtility.WebDriverUtility.ClickOn(IWebElement element) in C:\Users\52101563\source\repos\CAPUIAutomationHelperUtility\CAPUIAutomationHelperUtility\WebDriverUtility.cs:line 66
   at CAPUIAutomation.PageObjects.HomePage.ClickCustomerManagement() in C:\Users\52101563\source\repos\CAPUIAutomation\CAPUIAutomation\PageObjects\HomePage.cs:line 39
   at CAPUIAutomation.StepDefinitions.LoginSteps.WhenIAddACustomerWithBelowData(Table table) in C:\Users\52101563\source\repos\CAPUIAutomation\CAPUIAutomation\StepDefinitions\LoginSteps.cs:line 52
   at lambda_method(Closure , IContextManager , Table )
   at TechTalk.SpecFlow.Bindings.BindingInvoker.InvokeBinding(IBinding binding, IContextManager contextManager, Object[] arguments, ITestTracer testTracer, TimeSpan&amp; duration)
   at TechTalk.SpecFlow.Infrastructure.TestExecutionEngine.ExecuteStepMatch(BindingMatch match, Object[] arguments)
   at TechTalk.SpecRun.SpecFlowPlugin.Runtime.RunnerTestExecutionEngine.ExecuteStepMatch(BindingMatch match, Object[] arguments)
   at TechTalk.SpecFlow.Infrastructure.TestExecutionEngine.ExecuteStep(IContextManager contextManager, StepInstance stepInstance)
   at TechTalk.SpecFlow.Infrastructure.TestExecutionEngine.OnAfterLastStep()
   at TechTalk.SpecFlow.TestRunner.CollectScenarioErrors()
   at CAPUIAutomation.FeatureFiles.ToVerifyTheLoginPage1Feature.ScenarioCleanup()
   at CAPUIAutomation.FeatureFiles.ToVerifyTheLoginPage1Feature.AddACustomer1() in C:\Users\52101563\source\repos\CAPUIAutomation\CAPUIAutomation\FeatureFiles\Feature2.feature:line 10
   at TechTalk.SpecRun.Framework.TaskExecutors.StaticOrInstanceMethodExecutor.ExecuteInternal(ITestThreadExecutionContext testThreadExecutionContext)
   at TechTalk.SpecRun.Framework.TaskExecutors.StaticOrInstanceMethodExecutor.Execute(ITestThreadExecutionContext testThreadExecutionContext)
   at TechTalk.SpecRun.Framework.TestAssemblyExecutor.ExecuteTestNodeTask(TestNode testNode, ITaskExecutor task, TraceEventType eventType)</pre>
                        </td>
                        <td>Failed in 15.067s</td>
                    </tr>
                    <tr>
                        <td>
                            <pre class="log">Then I verify customer data is added as &quot;false&quot;</pre>
                        </td>
                        <td>
                            <!-- [TestAssert: Scenario - Add a customer1] -->
                            <pre class="log">skipped because of previous errors</pre>
                        </td>
                        <td>Skipped in 0.001s</td>
                    </tr>
            </table>
            <a name="t-826182168.0" />
            <h3>Scenario: Basepage is Calculator1 (in CAPUIAutomation, To verify the Login page1)</h3>
                <div class="description">
                    tags: Browser_Chrome, Browser_Firefox
                </div>
            <ul>
                <li>Status: Succeeded</li>
                <li>Start time: 22-05-2019 19:25:40</li>
                <li>Execution time (sec): 27.2973193</li>
                <li>Thread: #0</li>
            </ul>
            <table class="testEvents">
                <tr>
                    <th>Steps</th>
                    <th>Trace</th>
                    <th>Result</th>
                </tr>
                    <tr>
                        <td>
                            <pre class="log">Given I navigated to /</pre>
                        </td>
                        <td>
                            <!-- [TestArrange: Scenario - Basepage is Calculator1] -->
                            <pre class="log">TEST
done: LoginSteps.GivenINavigatedTo() (8.0s)</pre>
                        </td>
                        <td>Succeeded in 15.547s</td>
                    </tr>
                    <tr>
                        <td>
                            <pre class="log">Then browser title is Calculator</pre>
                        </td>
                        <td>
                            <!-- [TestAssert: Scenario - Basepage is Calculator1] -->
                            <pre class="log">TEST1
done: LoginSteps.ThenBrowserTitleIsCalculator() (7.0s)</pre>
                        </td>
                        <td>Succeeded in 7.028s</td>
                    </tr>
            </table>
            <a name="t-1043850082.0" />
            <h3>Scenario: Add a customer2 (in CAPUIAutomation, To verify the Login page1)</h3>
                <div class="description">
                    tags: Browser_Chrome, Browser_Firefox
                </div>
            <ul>
                <li>Status: Failed</li>
                <li>Start time: 22-05-2019 19:26:07</li>
                <li>Execution time (sec): 35.2862057</li>
                <li>Thread: #0</li>
                <li>Error:    at SeleniumExtras.PageObjects.DefaultElementLocator.LocateElement(IEnumerable`1 bys)
   at SeleniumExtras.PageObjects.WebElementProxy.get_Element()
   at SeleniumExtras.PageObjects.WebElementProxy.Invoke(IMessage msg)
   at System.Runtime.Remoting.Proxies.RealProxy.PrivateInvoke(MessageData&amp; msgData, Int32 type)
   at OpenQA.Selenium.IWebElement.Click()
   at CAPUIAutomationHelperUtility.WebDriverUtility.ClickOn(IWebElement element) in C:\Users\52101563\source\repos\CAPUIAutomationHelperUtility\CAPUIAutomationHelperUtility\WebDriverUtility.cs:line 61</li>
            </ul>
            <table class="testEvents">
                <tr>
                    <th>Steps</th>
                    <th>Trace</th>
                    <th>Result</th>
                </tr>
                    <tr>
                        <td>
                            <pre class="log">Given I navigate to Home page</pre>
                        </td>
                        <td>
                            <!-- [TestArrange: Scenario - Add a customer2] -->
                            <pre class="log">done: LoginSteps.GivenINavigateToHomePage() (7.6s)</pre>
                        </td>
                        <td>Succeeded in 15.423s</td>
                    </tr>
                    <tr>
                        <td>
                            <pre class="log">When I add a customer with below data
  --- table step argument ---
  | Name     | Description                         | IsolationLevel | Size  |
  | TestName | This is a test description for test | Cluster        | Large |</pre>
                        </td>
                        <td>
                            <!-- [TestAct: Scenario - Add a customer2] -->
                            <pre class="log">error:    at SeleniumExtras.PageObjects.DefaultElementLocator.LocateElement(IEnumerable`1 bys)
   at SeleniumExtras.PageObjects.WebElementProxy.get_Element()
   at SeleniumExtras.PageObjects.WebElementProxy.Invoke(IMessage msg)
   at System.Runtime.Remoting.Proxies.RealProxy.PrivateInvoke(MessageData&amp; msgData, Int32 type)
   at OpenQA.Selenium.IWebElement.Click()
   at CAPUIAutomationHelperUtility.WebDriverUtility.ClickOn(IWebElement element) in C:\Users\52101563\source\repos\CAPUIAutomationHelperUtility\CAPUIAutomationHelperUtility\WebDriverUtility.cs:line 61</pre>
                                <div class="errorMessage">   at SeleniumExtras.PageObjects.DefaultElementLocator.LocateElement(IEnumerable`1 bys)
   at SeleniumExtras.PageObjects.WebElementProxy.get_Element()
   at SeleniumExtras.PageObjects.WebElementProxy.Invoke(IMessage msg)
   at System.Runtime.Remoting.Proxies.RealProxy.PrivateInvoke(MessageData&amp; msgData, Int32 type)
   at OpenQA.Selenium.IWebElement.Click()
   at CAPUIAutomationHelperUtility.WebDriverUtility.ClickOn(IWebElement element) in C:\Users\52101563\source\repos\CAPUIAutomationHelperUtility\CAPUIAutomationHelperUtility\WebDriverUtility.cs:line 61</div>
                                <pre class="stackTrace">CAPUIAutomationHelperUtility.ConduentUIAutomationException:    at SeleniumExtras.PageObjects.DefaultElementLocator.LocateElement(IEnumerable`1 bys)
   at SeleniumExtras.PageObjects.WebElementProxy.get_Element()
   at SeleniumExtras.PageObjects.WebElementProxy.Invoke(IMessage msg)
   at System.Runtime.Remoting.Proxies.RealProxy.PrivateInvoke(MessageData&amp; msgData, Int32 type)
   at OpenQA.Selenium.IWebElement.Click()
   at CAPUIAutomationHelperUtility.WebDriverUtility.ClickOn(IWebElement element) in C:\Users\52101563\source\repos\CAPUIAutomationHelperUtility\CAPUIAutomationHelperUtility\WebDriverUtility.cs:line 61
   at CAPUIAutomationHelperUtility.WebDriverUtility.ClickOn(IWebElement element) in C:\Users\52101563\source\repos\CAPUIAutomationHelperUtility\CAPUIAutomationHelperUtility\WebDriverUtility.cs:line 66
   at CAPUIAutomation.PageObjects.HomePage.ClickCustomerManagement() in C:\Users\52101563\source\repos\CAPUIAutomation\CAPUIAutomation\PageObjects\HomePage.cs:line 39
   at CAPUIAutomation.StepDefinitions.LoginSteps.WhenIAddACustomerWithBelowData(Table table) in C:\Users\52101563\source\repos\CAPUIAutomation\CAPUIAutomation\StepDefinitions\LoginSteps.cs:line 52
   at lambda_method(Closure , IContextManager , Table )
   at TechTalk.SpecFlow.Bindings.BindingInvoker.InvokeBinding(IBinding binding, IContextManager contextManager, Object[] arguments, ITestTracer testTracer, TimeSpan&amp; duration)
   at TechTalk.SpecFlow.Infrastructure.TestExecutionEngine.ExecuteStepMatch(BindingMatch match, Object[] arguments)
   at TechTalk.SpecRun.SpecFlowPlugin.Runtime.RunnerTestExecutionEngine.ExecuteStepMatch(BindingMatch match, Object[] arguments)
   at TechTalk.SpecFlow.Infrastructure.TestExecutionEngine.ExecuteStep(IContextManager contextManager, StepInstance stepInstance)
   at TechTalk.SpecFlow.Infrastructure.TestExecutionEngine.OnAfterLastStep()
   at TechTalk.SpecFlow.TestRunner.CollectScenarioErrors()
   at CAPUIAutomation.FeatureFiles.ToVerifyTheLoginPage1Feature.ScenarioCleanup()
   at CAPUIAutomation.FeatureFiles.ToVerifyTheLoginPage1Feature.AddACustomer2() in C:\Users\52101563\source\repos\CAPUIAutomation\CAPUIAutomation\FeatureFiles\Feature2.feature:line 25
   at TechTalk.SpecRun.Framework.TaskExecutors.StaticOrInstanceMethodExecutor.ExecuteInternal(ITestThreadExecutionContext testThreadExecutionContext)
   at TechTalk.SpecRun.Framework.TaskExecutors.StaticOrInstanceMethodExecutor.Execute(ITestThreadExecutionContext testThreadExecutionContext)
   at TechTalk.SpecRun.Framework.TestAssemblyExecutor.ExecuteTestNodeTask(TestNode testNode, ITaskExecutor task, TraceEventType eventType)</pre>
                        </td>
                        <td>Failed in 15.043s</td>
                    </tr>
                    <tr>
                        <td>
                            <pre class="log">Then I verify customer data is added as &quot;true&quot;</pre>
                        </td>
                        <td>
                            <!-- [TestAssert: Scenario - Add a customer2] -->
                            <pre class="log">skipped because of previous errors</pre>
                        </td>
                        <td>Skipped in 0s</td>
                    </tr>
            </table>
            <a name="t-912773032.0" />
            <h3>Scenario: Add a customer (in CAPUIAutomation, Test targets with different browsers)</h3>
                <div class="description">
                    tags: Browser_Chrome, Browser_Firefox
                </div>
            <ul>
                <li>Status: Skipped</li>
                <li>Start time: 22-05-2019 19:26:43</li>
                <li>Execution time (sec): 0.0003098</li>
                <li>Thread: #-1</li>
            </ul>
            <table class="testEvents">
                <tr>
                    <th>Steps</th>
                    <th>Trace</th>
                    <th>Result</th>
                </tr>
            </table>
	</body>
</html>
</a><div style='position: absolute; top:0px; right:10px; z-index: 1000; text-align: right; font-size: small; color: #FF5555'>
Generated by an evaluation version of SpecRun.<br />
This version can be used for evaluation purposes only.<br />
For obtaining a registered license please visit <a href='http://www.specflow.org/plus'>http://www.specflow.org/plus</a>.
</div>
